01:12:29: Creating resource group General
01:12:29: Creating resource group Internal
01:12:29: Creating resource group Autodetect
01:12:29: SceneManagerFactory for type 'DefaultSceneManager' registered.
01:12:29: Registering ResourceManager for type Material
01:12:29: Registering ResourceManager for type Mesh
01:12:29: Registering ResourceManager for type Skeleton
01:12:29: MovableObjectFactory for type 'ParticleSystem' registered.
01:12:29: OverlayElementFactory for type Panel registered.
01:12:29: OverlayElementFactory for type BorderPanel registered.
01:12:29: OverlayElementFactory for type TextArea registered.
01:12:29: Registering ResourceManager for type Font
01:12:29: ArchiveFactory for archive type FileSystem registered.
01:12:29: ArchiveFactory for archive type Zip registered.
01:12:29: FreeImage version: 3.10.0
01:12:29: This program uses FreeImage, a free, open source image library supporting all common bitmap formats. See http://freeimage.sourceforge.net for details
01:12:29: Supported formats: bmp,ico,jpg,jif,jpeg,jpe,jng,koa,iff,lbm,mng,pbm,pbm,pcd,pcx,pgm,pgm,png,ppm,ppm,ras,tga,targa,tif,tiff,wap,wbmp,wbm,psd,cut,xbm,xpm,gif,hdr,g3,sgi,exr,j2k,j2c,jp2
01:12:29: DDS codec registering
01:12:29: Registering ResourceManager for type HighLevelGpuProgram
01:12:29: Registering ResourceManager for type Compositor
01:12:29: MovableObjectFactory for type 'Entity' registered.
01:12:29: MovableObjectFactory for type 'Light' registered.
01:12:29: MovableObjectFactory for type 'BillboardSet' registered.
01:12:29: MovableObjectFactory for type 'ManualObject' registered.
01:12:29: MovableObjectFactory for type 'BillboardChain' registered.
01:12:29: MovableObjectFactory for type 'RibbonTrail' registered.
01:12:29: Loading library /usr/local/lib/OGRE/RenderSystem_GL.so
01:12:29: Installing plugin: GL RenderSystem
01:12:29: OpenGL Rendering Subsystem created.
01:12:29: Plugin successfully installed
01:12:29: Loading library /usr/local/lib/OGRE/Plugin_ParticleFX.so
01:12:29: Installing plugin: ParticleFX
01:12:29: Particle Emitter Type 'Point' registered
01:12:29: Particle Emitter Type 'Box' registered
01:12:29: Particle Emitter Type 'Ellipsoid' registered
01:12:29: Particle Emitter Type 'Cylinder' registered
01:12:29: Particle Emitter Type 'Ring' registered
01:12:29: Particle Emitter Type 'HollowEllipsoid' registered
01:12:29: Particle Affector Type 'LinearForce' registered
01:12:29: Particle Affector Type 'ColourFader' registered
01:12:29: Particle Affector Type 'ColourFader2' registered
01:12:29: Particle Affector Type 'ColourImage' registered
01:12:29: Particle Affector Type 'ColourInterpolator' registered
01:12:29: Particle Affector Type 'Scaler' registered
01:12:29: Particle Affector Type 'Rotator' registered
01:12:29: Particle Affector Type 'DirectionRandomiser' registered
01:12:29: Particle Affector Type 'DeflectorPlane' registered
01:12:29: Plugin successfully installed
01:12:29: Loading library /usr/local/lib/OGRE/Plugin_BSPSceneManager.so
01:12:29: Installing plugin: BSP Scene Manager
01:12:29: Plugin successfully installed
01:12:29: Loading library /usr/local/lib/OGRE/Plugin_OctreeSceneManager.so
01:12:29: Installing plugin: Octree & Terrain Scene Manager
01:12:29: Plugin successfully installed
01:12:29: Loading library /usr/local/lib/OGRE/Plugin_CgProgramManager.so
01:12:29: Installing plugin: Cg Program Manager
01:12:30: Plugin successfully installed
01:12:30: *-*-* OGRE Initialising
01:12:30: *-*-* Version 1.6.0 (Shoggoth)
01:12:30: Creating resource group Bootstrap
01:12:30: Added resource location './Media/packs/OgreCore.zip' of type 'Zip' to resource group 'Bootstrap'
01:12:30: Added resource location './Media' of type 'FileSystem' to resource group 'General'
01:12:30: Added resource location './Media/fonts' of type 'FileSystem' to resource group 'General'
01:12:30: Added resource location './Media/materials/programs' of type 'FileSystem' to resource group 'General'
01:12:30: Added resource location './Media/materials/scripts' of type 'FileSystem' to resource group 'General'
01:12:30: Added resource location './Media/materials/textures' of type 'FileSystem' to resource group 'General'
01:12:30: Added resource location './Media/models' of type 'FileSystem' to resource group 'General'
01:12:30: Added resource location './Media/overlays' of type 'FileSystem' to resource group 'General'
01:12:30: Added resource location './Media/particle' of type 'FileSystem' to resource group 'General'
01:12:30: Added resource location './Media/gui' of type 'FileSystem' to resource group 'General'
01:12:30: Added resource location './Media/DeferredShadingMedia' of type 'FileSystem' to resource group 'General'
01:12:30: Added resource location './Media/PCZAppMedia' of type 'FileSystem' to resource group 'General'
01:12:30: Added resource location './Media/packs/cubemap.zip' of type 'Zip' to resource group 'General'
01:12:30: Added resource location './Media/packs/cubemapsJS.zip' of type 'Zip' to resource group 'General'
01:12:30: Added resource location './Media/packs/dragon.zip' of type 'Zip' to resource group 'General'
01:12:30: Added resource location './Media/packs/fresneldemo.zip' of type 'Zip' to resource group 'General'
01:12:30: Added resource location './Media/packs/ogretestmap.zip' of type 'Zip' to resource group 'General'
01:12:30: Added resource location './Media/packs/skybox.zip' of type 'Zip' to resource group 'General'
01:12:33: CPU Identifier & Features
01:12:33: -------------------------
01:12:33:  *   CPU ID: GenuineIntel: Intel(R) Core(TM)2 Duo CPU     E8400  @ 3.00GHz
01:12:33:  *      SSE: yes
01:12:33:  *     SSE2: yes
01:12:33:  *     SSE3: yes
01:12:33:  *      MMX: yes
01:12:33:  *   MMXEXT: yes
01:12:33:  *    3DNOW: no
01:12:33:  * 3DNOWEXT: no
01:12:33:  *     CMOV: yes
01:12:33:  *      TSC: yes
01:12:33:  *      FPU: yes
01:12:33:  *      PRO: yes
01:12:33:  *       HT: no
01:12:33: -------------------------
01:12:33: ******************************
*** Starting GLX Subsystem ***
******************************
01:12:33: GLRenderSystem::_createRenderWindow "OGRE Render Window", 1680x1050 fullscreen  miscParams: FSAA=0 displayFrequency=50 MHz gamma=No vsync=No 
01:12:33: OGRE EXCEPTION(6:FileNotFoundException): Cannot locate resource GLX_icon.png in resource group General or any other group. in ResourceGroupManager::openResource at OgreResourceGroupManager.cpp (line 753)
01:12:33: GLXWindow::create used FBConfigID = 117
01:12:33: GL_VERSION = 2.1.2 NVIDIA 177.80
01:12:33: GL_VENDOR = NVIDIA Corporation
01:12:33: GL_RENDERER = GeForce 9800 GT/PCI/SSE2
01:12:33: GL_EXTENSIONS = GL_ARB_color_buffer_float GL_ARB_depth_texture GL_ARB_draw_buffers GL_ARB_fragment_program GL_ARB_fragment_program_shadow GL_ARB_fragment_shader GL_ARB_half_float_pixel GL_ARB_imaging GL_ARB_multisample GL_ARB_multitexture GL_ARB_occlusion_query GL_ARB_pixel_buffer_object GL_ARB_point_parameters GL_ARB_point_sprite GL_ARB_shadow GL_ARB_shader_objects GL_ARB_shading_language_100 GL_ARB_texture_border_clamp GL_ARB_texture_compression GL_ARB_texture_cube_map GL_ARB_texture_env_add GL_ARB_texture_env_combine GL_ARB_texture_env_dot3 GL_ARB_texture_float GL_ARB_texture_mirrored_repeat GL_ARB_texture_non_power_of_two GL_ARB_texture_rectangle GL_ARB_transpose_matrix GL_ARB_vertex_buffer_object GL_ARB_vertex_program GL_ARB_vertex_shader GL_ARB_window_pos GL_ATI_draw_buffers GL_ATI_texture_float GL_ATI_texture_mirror_once GL_S3_s3tc GL_EXT_texture_env_add GL_EXT_abgr GL_EXT_bgra GL_EXT_blend_color GL_EXT_blend_equation_separate GL_EXT_blend_func_separate GL_EXT_blend_minmax GL_EXT_blend_subtract GL_EXT_compiled_vertex_array GL_EXT_Cg_shader GL_EXT_bindable_uniform GL_EXT_depth_bounds_test GL_EXT_draw_buffers2 GL_EXT_draw_instanced GL_EXT_draw_range_elements GL_EXT_fog_coord GL_EXT_framebuffer_blit GL_EXT_framebuffer_multisample GL_EXT_framebuffer_object GL_EXTX_framebuffer_mixed_formats GL_EXT_framebuffer_sRGB GL_EXT_geometry_shader4 GL_EXT_gpu_program_parameters GL_EXT_gpu_shader4 GL_EXT_multi_draw_arrays GL_EXT_packed_depth_stencil GL_EXT_packed_float GL_EXT_packed_pixels GL_EXT_pixel_buffer_object GL_EXT_point_parameters GL_EXT_rescale_normal GL_EXT_secondary_color GL_EXT_separate_specular_color GL_EXT_shadow_funcs GL_EXT_stencil_two_side GL_EXT_stencil_wrap GL_EXT_texture3D GL_EXT_texture_array GL_EXT_texture_buffer_object GL_EXT_texture_compression_latc GL_EXT_texture_compression_rgtc GL_EXT_texture_compression_s3tc GL_EXT_texture_cube_map GL_EXT_texture_edge_clamp GL_EXT_texture_env_combine GL_EXT_texture_env_dot3 GL_EXT_texture_filter_anisotropic GL_EXT_texture_integer GL_EXT_texture_lod GL_EXT_texture_lod_bias GL_EXT_texture_mirror_clamp GL_EXT_texture_object GL_EXT_texture_sRGB GL_EXT_texture_shared_exponent GL_EXT_timer_query GL_EXT_vertex_array GL_IBM_rasterpos_clip GL_IBM_texture_mirrored_repeat GL_KTX_buffer_region GL_NV_blend_square GL_NV_copy_depth_to_color GL_NV_depth_buffer_float GL_NV_conditional_render GL_NV_depth_clamp GL_NV_fence GL_NV_float_buffer GL_NV_fog_distance GL_NV_fragment_program GL_NV_fragment_program_option GL_NV_fragment_program2 GL_NV_framebuffer_multisample_coverage GL_NV_geometry_shader4 GL_NV_gpu_program4 GL_NV_half_float GL_NV_light_max_exponent GL_NV_multisample_coverage GL_NV_multisample_filter_hint GL_NV_occlusion_query GL_NV_packed_depth_stencil GL_NV_parameter_buffer_object GL_NV_pixel_data_range GL_NV_point_sprite GL_NV_primitive_restart GL_NV_register_combiners GL_NV_register_combiners2 GL_NV_texgen_reflection GL_NV_texture_compression_vtc GL_NV_texture_env_combine4 GL_NV_texture_expand_normal GL_NV_texture_rectangle GL_NV_texture_shader GL_NV_texture_shader2 GL_NV_texture_shader3 GL_NV_transform_feedback GL_NV_vertex_array_range GL_NV_vertex_array_range2 GL_NV_vertex_program GL_NV_vertex_program1_1 GL_NV_vertex_program2 GL_NV_vertex_program2_option GL_NV_vertex_program3 GL_NVX_conditional_render GL_SGIS_generate_mipmap GL_SGIS_texture_lod GL_SGIX_depth_texture GL_SGIX_shadow GL_SUN_slice_accum 
01:12:33: Supported GLX extensions: GLX_EXT_visual_info GLX_EXT_visual_rating GLX_SGIX_fbconfig GLX_SGIX_pbuffer GLX_SGI_video_sync GLX_SGI_swap_control GLX_EXT_texture_from_pixmap GLX_ARB_multisample GLX_NV_float_buffer GLX_ARB_fbconfig_float GLX_EXT_framebuffer_sRGB GLX_ARB_get_proc_address 
01:12:33: ***************************
01:12:33: *** GL Renderer Started ***
01:12:33: ***************************
01:12:33: Registering ResourceManager for type GpuProgram
01:12:33: GLSL support detected
01:12:33: GL: Using GL_EXT_framebuffer_object for rendering to textures (best)
01:12:33: FBO PF_UNKNOWN depth/stencil support: D16S0 D24S0 D32S0 Packed-D24S8 
01:12:33: FBO PF_L8 depth/stencil support: D0S0 D16S0 D24S0 D32S0 Packed-D24S8 
01:12:33: FBO PF_A8 depth/stencil support: D0S0 D16S0 D24S0 D32S0 Packed-D24S8 
01:12:33: FBO PF_A4L4 depth/stencil support: D0S0 D16S0 D24S0 D32S0 Packed-D24S8 
01:12:33: FBO PF_BYTE_LA depth/stencil support: D0S0 D16S0 D24S0 D32S0 Packed-D24S8 
01:12:33: FBO PF_R5G6B5 depth/stencil support: D0S0 D16S0 D24S0 D32S0 Packed-D24S8 
01:12:33: FBO PF_B5G6R5 depth/stencil support: D0S0 D16S0 D24S0 D32S0 Packed-D24S8 
01:12:33: FBO PF_A1R5G5B5 depth/stencil support: D0S0 D16S0 D24S0 D32S0 Packed-D24S8 
01:12:33: FBO PF_R8G8B8 depth/stencil support: D0S0 D16S0 D24S0 D32S0 Packed-D24S8 
01:12:33: FBO PF_B8G8R8 depth/stencil support: D0S0 D16S0 D24S0 D32S0 Packed-D24S8 
01:12:33: FBO PF_A8R8G8B8 depth/stencil support: D0S0 D16S0 D24S0 D32S0 Packed-D24S8 
01:12:33: FBO PF_B8G8R8A8 depth/stencil support: D0S0 D16S0 D24S0 D32S0 Packed-D24S8 
01:12:33: FBO PF_A2R10G10B10 depth/stencil support: D0S0 D16S0 D24S0 D32S0 Packed-D24S8 
01:12:34: FBO PF_A2B10G10R10 depth/stencil support: D0S0 D16S0 D24S0 D32S0 Packed-D24S8 
01:12:34: FBO PF_FLOAT16_RGB depth/stencil support: D0S0 D16S0 D24S0 D32S0 Packed-D24S8 
01:12:34: FBO PF_FLOAT16_RGBA depth/stencil support: D0S0 D16S0 D24S0 D32S0 Packed-D24S8 
01:12:34: FBO PF_FLOAT32_RGB depth/stencil support: D0S0 D16S0 D24S0 D32S0 Packed-D24S8 
01:12:34: FBO PF_FLOAT32_RGBA depth/stencil support: D0S0 D16S0 D24S0 D32S0 Packed-D24S8 
01:12:34: FBO PF_X8R8G8B8 depth/stencil support: D0S0 D16S0 D24S0 D32S0 Packed-D24S8 
01:12:34: FBO PF_X8B8G8R8 depth/stencil support: D0S0 D16S0 D24S0 D32S0 Packed-D24S8 
01:12:34: FBO PF_SHORT_RGBA depth/stencil support: D0S0 D16S0 D24S0 D32S0 Packed-D24S8 
01:12:34: FBO PF_R3G3B2 depth/stencil support: D0S0 D16S0 D24S0 D32S0 Packed-D24S8 
01:12:34: FBO PF_FLOAT16_R depth/stencil support: D0S0 D16S0 D24S0 D32S0 Packed-D24S8 
01:12:34: FBO PF_FLOAT32_R depth/stencil support: D0S0 D16S0 D24S0 D32S0 Packed-D24S8 
01:12:34: FBO PF_FLOAT16_GR depth/stencil support: D0S0 D16S0 D24S0 D32S0 Packed-D24S8 
01:12:34: FBO PF_FLOAT32_GR depth/stencil support: D0S0 D16S0 D24S0 D32S0 Packed-D24S8 
01:12:34: FBO PF_SHORT_RGB depth/stencil support: D0S0 D16S0 D24S0 D32S0 Packed-D24S8 
01:12:34: [GL] : Valid FBO targets PF_UNKNOWN PF_L8 PF_A8 PF_A4L4 PF_BYTE_LA PF_R5G6B5 PF_B5G6R5 PF_A1R5G5B5 PF_R8G8B8 PF_B8G8R8 PF_A8R8G8B8 PF_B8G8R8A8 PF_A2R10G10B10 PF_A2B10G10R10 PF_FLOAT16_RGB PF_FLOAT16_RGBA PF_FLOAT32_RGB PF_FLOAT32_RGBA PF_X8R8G8B8 PF_X8B8G8R8 PF_SHORT_RGBA PF_R3G3B2 PF_FLOAT16_R PF_FLOAT32_R PF_FLOAT16_GR PF_FLOAT32_GR PF_SHORT_RGB 
01:12:34: RenderSystem capabilities
01:12:34: -------------------------
01:12:34: RenderSystem Name: OpenGL Rendering Subsystem
01:12:34: GPU Vendor: nvidia
01:12:34: Device Name: GeForce 9800 GT/PCI/SSE2
01:12:34: Driver Version: 2.1.2.0
01:12:34:  * Fixed function pipeline: yes
01:12:34:  * Hardware generation of mipmaps: yes
01:12:34:  * Texture blending: yes
01:12:34:  * Anisotropic texture filtering: yes
01:12:34:  * Dot product texture operation: yes
01:12:34:  * Cube mapping: yes
01:12:34:  * Hardware stencil buffer: yes
01:12:34:    - Stencil depth: 8
01:12:34:    - Two sided stencil support: yes
01:12:34:    - Wrap stencil values: yes
01:12:34:  * Hardware vertex / index buffers: yes
01:12:34:  * Vertex programs: yes
01:12:34:  * Fragment programs: yes
01:12:34:  * Geometry programs: yes
01:12:34:  * Supported Shader Profiles: arbfp1 arbvp1 fp20 fp30 fp40 glsl gp4gp gpu_gp nvgp4 vp30 vp40
01:12:34:  * Texture Compression: yes
01:12:34:    - DXT: yes
01:12:34:    - VTC: yes
01:12:34:  * Scissor Rectangle: yes
01:12:34:  * Hardware Occlusion Query: yes
01:12:34:  * User clip planes: yes
01:12:34:  * VET_UBYTE4 vertex element type: yes
01:12:34:  * Infinite far plane projection: yes
01:12:34:  * Hardware render-to-texture: yes
01:12:34:  * Floating point textures: yes
01:12:34:  * Non-power-of-two textures: yes
01:12:34:  * Volume textures: yes
01:12:34:  * Multiple Render Targets: 8
01:12:34:    - With different bit depths: yes
01:12:34:  * Point Sprites: yes
01:12:34:  * Extended point parameters: yes
01:12:34:  * Max Point Size: 63.375
01:12:34:  * Vertex texture fetch: yes
01:12:34:    - Max vertex textures: 32
01:12:34:    - Vertex textures shared: yes
01:12:34:  * Render to Vertex Buffer : yes
01:12:34:  * GL 1.5 without VBO workaround: no
01:12:34:  * Frame Buffer objects: yes
01:12:34:  * Frame Buffer objects (ARB extension): no
01:12:34:  * Frame Buffer objects (ATI extension): no
01:12:34:  * PBuffer suppport: no
01:12:34:  * GL 1.5 without HW-occlusion workaround: no
01:12:34: Registering ResourceManager for type Texture
01:12:34: ResourceBackgroundQueue - threading disabled
01:12:34: Particle Renderer Type 'billboard' registered
01:12:34: SceneManagerFactory for type 'BspSceneManager' registered.
01:12:34: Registering ResourceManager for type BspLevel
01:12:34: SceneManagerFactory for type 'OctreeSceneManager' registered.
01:12:34: SceneManagerFactory for type 'TerrainSceneManager' registered.
01:12:34: Parsing scripts for resource group Autodetect
01:12:34: Finished parsing scripts for resource group Autodetect
01:12:34: Parsing scripts for resource group Bootstrap
01:12:34: Parsing script OgreCore.material
01:12:34: Parsing script OgreProfiler.material
01:12:34: Parsing script Ogre.fontdef
01:12:34: Parsing script OgreDebugPanel.overlay
01:12:34: Texture: New_Ogre_Border_Center.png: Loading 1 faces(PF_A8R8G8B8,256x128x1) with 5 generated mipmaps from Image. Internal format is PF_A8R8G8B8,256x128x1.
01:12:34: Texture: New_Ogre_Border.png: Loading 1 faces(PF_A8R8G8B8,256x256x1) with 5 generated mipmaps from Image. Internal format is PF_A8R8G8B8,256x256x1.
01:12:34: Texture: New_Ogre_Border_Break.png: Loading 1 faces(PF_A8R8G8B8,32x32x1) with 5 generated mipmaps from Image. Internal format is PF_A8R8G8B8,32x32x1.
01:12:34: Font BlueHighwayusing texture size 512x512
01:12:34: Info: Freetype returned null for character 127 in font BlueHighway
01:12:34: Info: Freetype returned null for character 128 in font BlueHighway
01:12:34: Info: Freetype returned null for character 129 in font BlueHighway
01:12:34: Info: Freetype returned null for character 130 in font BlueHighway
01:12:34: Info: Freetype returned null for character 131 in font BlueHighway
01:12:34: Info: Freetype returned null for character 132 in font BlueHighway
01:12:34: Info: Freetype returned null for character 133 in font BlueHighway
01:12:34: Info: Freetype returned null for character 134 in font BlueHighway
01:12:34: Info: Freetype returned null for character 135 in font BlueHighway
01:12:34: Info: Freetype returned null for character 136 in font BlueHighway
01:12:34: Info: Freetype returned null for character 137 in font BlueHighway
01:12:34: Info: Freetype returned null for character 138 in font BlueHighway
01:12:34: Info: Freetype returned null for character 139 in font BlueHighway
01:12:34: Info: Freetype returned null for character 140 in font BlueHighway
01:12:34: Info: Freetype returned null for character 141 in font BlueHighway
01:12:34: Info: Freetype returned null for character 142 in font BlueHighway
01:12:34: Info: Freetype returned null for character 143 in font BlueHighway
01:12:34: Info: Freetype returned null for character 144 in font BlueHighway
01:12:34: Info: Freetype returned null for character 145 in font BlueHighway
01:12:34: Info: Freetype returned null for character 146 in font BlueHighway
01:12:34: Info: Freetype returned null for character 147 in font BlueHighway
01:12:34: Info: Freetype returned null for character 148 in font BlueHighway
01:12:34: Info: Freetype returned null for character 149 in font BlueHighway
01:12:34: Info: Freetype returned null for character 150 in font BlueHighway
01:12:34: Info: Freetype returned null for character 151 in font BlueHighway
01:12:34: Info: Freetype returned null for character 152 in font BlueHighway
01:12:34: Info: Freetype returned null for character 153 in font BlueHighway
01:12:34: Info: Freetype returned null for character 154 in font BlueHighway
01:12:34: Info: Freetype returned null for character 155 in font BlueHighway
01:12:34: Info: Freetype returned null for character 156 in font BlueHighway
01:12:34: Info: Freetype returned null for character 157 in font BlueHighway
01:12:34: Info: Freetype returned null for character 158 in font BlueHighway
01:12:34: Info: Freetype returned null for character 159 in font BlueHighway
01:12:34: Info: Freetype returned null for character 160 in font BlueHighway
01:12:34: Texture: BlueHighwayTexture: Loading 1 faces(PF_BYTE_LA,512x512x1) with 0 generated mipmaps from Image. Internal format is PF_BYTE_LA,512x512x1.
01:12:34: Texture: ogretext.png: Loading 1 faces(PF_A8R8G8B8,256x128x1) with 5 generated mipmaps from Image. Internal format is PF_A8R8G8B8,256x128x1.
01:12:34: Parsing script OgreLoadingPanel.overlay
01:12:34: Finished parsing scripts for resource group Bootstrap
01:12:34: Parsing scripts for resource group General
01:12:34: Parsing script StdQuad_vp.program
01:12:34: Parsing script Examples.program
01:12:34: GLSL compiling: Ogre/BasicVertexPrograms/AmbientOneTextureGLSL
01:12:34: GLSL compiled : Ogre/BasicVertexPrograms/AmbientOneTextureGLSL
01:12:34: GLSL compiling: Ogre/HardwareSkinningTwoWeightsGLSL
01:12:34: GLSL compiled : Ogre/HardwareSkinningTwoWeightsGLSL
01:12:34: Parsing script Halftone.material
01:12:34: Parsing script Laplace.material
01:12:34: Parsing script OldTV.material
01:12:34: Parsing script Bloom.material
01:12:34: GLSL compiling: Blur_ps_glsl
01:12:34: GLSL compiled : Blur_ps_glsl
01:12:34: GLSL compiling: Blur0_vs_glsl
01:12:34: GLSL compiled : Blur0_vs_glsl
01:12:34: GLSL compiling: Blur1_vs_glsl
01:12:34: GLSL compiled : Blur1_vs_glsl
01:12:34: Parsing script facial.material
01:12:34: Parsing script hdr.material
01:12:34: GLSL compiling: Ogre/Compositor/HDR/downscale2x2LuminenceGLSL_fp
01:12:34: GLSL compiled : Ogre/Compositor/HDR/downscale2x2LuminenceGLSL_fp
01:12:34: GLSL compiling: Ogre/Compositor/StdQuad_GLSL_vp
01:12:34: GLSL compiled : Ogre/Compositor/StdQuad_GLSL_vp
01:12:34: GLSL compiling: Ogre/Compositor/HDR/downscale3x3GLSL_fp
01:12:34: GLSL compiled : Ogre/Compositor/HDR/downscale3x3GLSL_fp
01:12:34: GLSL compiling: Ogre/Compositor/HDR/utils_fp
01:12:34: GLSL compiled : Ogre/Compositor/HDR/utils_fp
01:12:34: GLSL compiling: Ogre/Compositor/HDR/downscale3x3brightpassGLSL_fp
01:12:34: GLSL compiled : Ogre/Compositor/HDR/downscale3x3brightpassGLSL_fp
01:12:34: GLSL compiling: Ogre/Compositor/HDR/bloomGLSL_fp
01:12:34: GLSL compiled : Ogre/Compositor/HDR/bloomGLSL_fp
01:12:34: GLSL compiling: Ogre/Compositor/HDR/utils_fp
01:12:34: GLSL compiled : Ogre/Compositor/HDR/utils_fp
01:12:34: GLSL compiling: Ogre/Compositor/HDR/finaltonemappingGLSL_fp
01:12:34: GLSL compiled : Ogre/Compositor/HDR/finaltonemappingGLSL_fp
01:12:34: Parsing script HeatVision.material
01:12:34: Parsing script pssm.material
01:12:34: Parsing script Example-Water.material
01:12:34: Parsing script Examples-Advanced.material
01:12:34: Compiler error: object unsupported by render system in Examples-Advanced.material(381)
01:12:34: Parsing script Ogre.material
01:12:34: Parsing script Hurt.material
01:12:34: Parsing script NightVision.material
01:12:34: Parsing script Tiling.material
01:12:34: Parsing script RZR-002.material
01:12:34: Parsing script CGSwizzle.material
01:12:34: Parsing script smoke.material
01:12:34: Parsing script OffsetMapping.material
01:12:34: Compiler error: object unsupported by render system in OffsetMapping.material(18)
01:12:34: GLSL compiling: Examples/OffsetMappingIntegratedShadowsFPglsl
01:12:34: GLSL compiled : Examples/OffsetMappingIntegratedShadowsFPglsl
01:12:34: GLSL compiling: Examples/OffsetMappingIntegratedShadowsVPglsl
01:12:34: GLSL compiled : Examples/OffsetMappingIntegratedShadowsVPglsl
01:12:34: Parsing script Embossed.material
01:12:34: Parsing script DOF.material
01:12:34: Parsing script ASCII.material
01:12:34: Parsing script Bloom2.material
01:12:34: GLSL compiling: Bloom2_ps20_glsl
01:12:34: GLSL compiled : Bloom2_ps20_glsl
01:12:34: Parsing script Ocean.material
01:12:34: GLSL compiling: GLSL/OceanVS
01:12:34: GLSL compiled : GLSL/OceanVS
01:12:34: GLSL compiling: GLSL/OceanFS
01:12:34: GLSL compiled : GLSL/OceanFS
01:12:34: GLSL compiling: GLSL/Ocean2VS
01:12:34: GLSL compiled : GLSL/Ocean2VS
01:12:34: GLSL compiling: GLSL/Ocean2FS
01:12:34: GLSL compiled : GLSL/Ocean2FS
01:12:34: Parsing script ASMSwizzle.material
01:12:34: Parsing script BlackAndWhite.material
01:12:34: Parsing script DepthShadowmap.material
01:12:34: GLSL compiling: Ogre/DepthShadowmap/CasterVP_GLSL
01:12:34: GLSL compiled : Ogre/DepthShadowmap/CasterVP_GLSL
01:12:34: GLSL compiling: Ogre/DepthShadowmap/CasterFP_GLSL
01:12:34: GLSL compiled : Ogre/DepthShadowmap/CasterFP_GLSL
01:12:34: GLSL compiling: Ogre/DepthShadowmap/ReceiverVP_GLSL
01:12:34: GLSL compiled : Ogre/DepthShadowmap/ReceiverVP_GLSL
01:12:34: GLSL compiling: Ogre/DepthShadowmap/ReceiverFP_GLSL
01:12:34: GLSL compiled : Ogre/DepthShadowmap/ReceiverFP_GLSL
01:12:34: GLSL compiling: Ogre/DepthShadowmap/ReceiverFPPCF_GLSL
01:12:34: GLSL compiled : Ogre/DepthShadowmap/ReceiverFPPCF_GLSL
01:12:34: GLSL compiling: Ogre/DepthShadowmap/NormalMapReceiverVP_GLSL
01:12:34: GLSL compiled : Ogre/DepthShadowmap/NormalMapReceiverVP_GLSL
01:12:34: GLSL compiling: Ogre/DepthShadowmap/NormalMapReceiverFP_GLSL
01:12:34: GLSL compiled : Ogre/DepthShadowmap/NormalMapReceiverFP_GLSL
01:12:34: GLSL compiling: Ogre/DepthShadowmap/NormalMapReceiverFPPCF_GLSL
01:12:34: GLSL compiled : Ogre/DepthShadowmap/NormalMapReceiverFPPCF_GLSL
01:12:34: Parsing script Dither.material
01:12:35: Parsing script Posterize.material
01:12:35: Parsing script MRTtest.material
01:12:35: GLSL compiling: Ogre/MRTtest/scenefp/GLSL
01:12:35: GLSL compiled : Ogre/MRTtest/scenefp/GLSL
01:12:35: GLSL compiling: Ogre/MRTtest/quadfp/GLSL
01:12:35: GLSL compiled : Ogre/MRTtest/quadfp/GLSL
01:12:35: Parsing script Example-DynTex.material
01:12:35: Parsing script RadialBlur.material
01:12:35: Parsing script Example.material
01:12:35: OGRE EXCEPTION(2:InvalidParametersException): Parameter called camObjPos does not exist.  in GpuProgramParameters::_findNamedConstantDefinition at OgreGpuProgram.cpp (line 1097)
01:12:35: Compiler error: invalid parameters in Example.material(762): setting of constant failed
01:12:35: GLSL compiling: Ogre/HardwareSkinningTwoWeightsShadowCasterGLSL
01:12:35: GLSL compiled : Ogre/HardwareSkinningTwoWeightsShadowCasterGLSL
01:12:35: Parsing script OldMovie.material
01:12:35: Parsing script MotionBlur.material
01:12:35: Parsing script Invert.material
01:12:35: Parsing script VarianceShadowmap.material
01:12:35: Parsing script IsoSurf.material
01:12:35: Problem parsing the following Cg Uniform: '@TMP1' in file Ogre/IsoSurf/TessellateTetrahedraGS
01:12:35: Parsing script Glass.material
01:12:35: Parsing script instancing.material
01:12:35: GLSL compiling: InstancingGLSL
01:12:35: GLSL compiled : InstancingGLSL
01:12:35: GLSL compiling: InstancingShadowCasterGLSL
01:12:35: GLSL compiled : InstancingShadowCasterGLSL
01:12:35: GLSL compiling: CrowdGLSL
01:12:35: GLSL compiled : CrowdGLSL
01:12:35: GLSL compiling: CrowdShadowCasterGLSL
01:12:35: GLSL compiled : CrowdShadowCasterGLSL
01:12:35: Parsing script SharpenEdges.material
01:12:35: Parsing script ParticleGS.material
01:12:35: Parsing script GLSLSwizzle.material
01:12:35: GLSL compiling: Ogre/GPTest/Swizzle_GP_GLSL
01:12:35: GLSL compiled : Ogre/GPTest/Swizzle_GP_GLSL
01:12:35: GLSL compiling: Ogre/GPTest/Passthrough_VP_GLSL
01:12:35: GLSL compiled : Ogre/GPTest/Passthrough_VP_GLSL
01:12:35: Parsing script RomanBath.material
01:12:35: Parsing script Examples.compositor
01:12:35: Parsing script sample.fontdef
01:12:35: Parsing script Example-DynTex.overlay
01:12:35: Parsing script Compositor.overlay
01:12:35: Parsing script Shadows.overlay
01:12:35: Parsing script Example-Water.overlay
01:12:35: Parsing script Example-CubeMapping.overlay
01:12:35: Parsing script DP3.overlay
01:12:35: Finished parsing scripts for resource group General
01:12:35: Parsing scripts for resource group Internal
01:12:35: Finished parsing scripts for resource group Internal
01:12:35: *** Initializing OIS ***
01:12:37: Unregistering ResourceManager for type BspLevel
01:12:37: *-*-* OGRE Shutdown
01:12:37: Unregistering ResourceManager for type Compositor
01:12:37: Unregistering ResourceManager for type Font
01:12:37: Unregistering ResourceManager for type Skeleton
01:12:37: Unregistering ResourceManager for type Mesh
01:12:37: Unregistering ResourceManager for type HighLevelGpuProgram
01:12:37: Uninstalling plugin: Cg Program Manager
01:12:37: Plugin successfully uninstalled
01:12:37: Unloading library /usr/local/lib/OGRE/Plugin_CgProgramManager.so
01:12:37: Uninstalling plugin: Octree & Terrain Scene Manager
01:12:37: Plugin successfully uninstalled
01:12:37: Unloading library /usr/local/lib/OGRE/Plugin_OctreeSceneManager.so
01:12:37: Uninstalling plugin: BSP Scene Manager
01:12:37: Plugin successfully uninstalled
01:12:37: Unloading library /usr/local/lib/OGRE/Plugin_BSPSceneManager.so
01:12:37: Uninstalling plugin: ParticleFX
01:12:37: Plugin successfully uninstalled
01:12:37: Unloading library /usr/local/lib/OGRE/Plugin_ParticleFX.so
01:12:37: Uninstalling plugin: GL RenderSystem
01:12:37: Unregistering ResourceManager for type GpuProgram
01:12:37: ******************************
*** Stopping GLX Subsystem ***
******************************
01:12:37: Unregistering ResourceManager for type Texture
01:12:37: Plugin successfully uninstalled
01:12:37: Unloading library /usr/local/lib/OGRE/RenderSystem_GL.so
01:12:37: Unregistering ResourceManager for type Material
